#
# There is insufficient memory for the Java Runtime Environment to continue.
# Native memory allocation (malloc) failed to allocate 1365136 bytes for Chunk::new
# Possible reasons:
#   The system is out of physical RAM or swap space
#   In 32 bit mode, the process size limit was hit
# Possible solutions:
#   Reduce memory load on the system
#   Increase physical memory or swap space
#   Check if swap backing store is full
#   Use 64 bit Java on a 64 bit OS
#   Decrease Java heap size (-Xmx/-Xms)
#   Decrease number of Java threads
#   Decrease Java thread stack sizes (-Xss)
#   Set larger code cache with -XX:ReservedCodeCacheSize=
# This output file may be truncated or incomplete.
#
#  Out of Memory Error (allocation.cpp:390), pid=11080, tid=0x0000000000000be0
#
# JRE version: OpenJDK Runtime Environment (8.0_152-b01) (build 1.8.0_152-release-1343-b01)
# Java VM: OpenJDK 64-Bit Server VM (25.152-b01 mixed mode windows-amd64 compressed oops)
# Failed to write core dump. Minidumps are not enabled by default on client versions of Windows
#

---------------  T H R E A D  ---------------

Current thread (0x000000001485e000):  JavaThread "C2 CompilerThread2" daemon [_thread_in_native, id=3040, stack(0x0000000017130000,0x0000000017230000)]

Stack: [0x0000000017130000,0x0000000017230000]
[error occurred during error reporting (printing stack bounds), id 0xc0000005]

Native frames: (J=compiled Java code, j=interpreted, Vv=VM code, C=native code)


Current CompileTask:
C2:1900983 27151       4       com.android.tools.r8.ir.conversion.IRBuilder::processWorklist (350 bytes)


---------------  P R O C E S S  ---------------

Java Threads: ( => current thread )
  0x0000000025c13800 JavaThread "ForkJoinPool.commonPool-worker-2" daemon [_thread_blocked, id=1388, stack(0x000000002d7a0000,0x000000002d8a0000)]
  0x0000000025c0a800 JavaThread "ForkJoinPool.commonPool-worker-1" daemon [_thread_blocked, id=12332, stack(0x000000002c1a0000,0x000000002c2a0000)]
  0x0000000025c11800 JavaThread "Cache worker for Java compile cache (G:\Login_Signup_Screen_Design_Demo-master\.gradle\5.1.1\javaCompile)" [_thread_blocked, id=14608, stack(0x000000002c5a0000,0x000000002c6a0000)]
  0x0000000025c0a000 JavaThread "stdout" daemon [_thread_in_native, id=6296, stack(0x000000002d6a0000,0x000000002d7a0000)]
  0x0000000025c0e800 JavaThread "stderr" daemon [_thread_in_native, id=4312, stack(0x000000002d5a0000,0x000000002d6a0000)]
  0x0000000025c0c000 JavaThread "stdout" daemon [_thread_in_native, id=6024, stack(0x000000002d4a0000,0x000000002d5a0000)]
  0x0000000025c0b800 JavaThread "stderr" daemon [_thread_in_native, id=2592, stack(0x000000002d3a0000,0x000000002d4a0000)]
  0x0000000025c10800 JavaThread "stdout" daemon [_thread_in_native, id=13584, stack(0x000000002d2a0000,0x000000002d3a0000)]
  0x0000000025c09000 JavaThread "stderr" daemon [_thread_in_native, id=9792, stack(0x000000002d1a0000,0x000000002d2a0000)]
  0x0000000025c0f000 JavaThread "stdout" daemon [_thread_in_native, id=7292, stack(0x000000002d0a0000,0x000000002d1a0000)]
  0x0000000025c10000 JavaThread "stderr" daemon [_thread_in_native, id=10800, stack(0x000000002cfa0000,0x000000002d0a0000)]
  0x0000000025c0d800 JavaThread "stdout" daemon [_thread_in_native, id=6272, stack(0x000000002cea0000,0x000000002cfa0000)]
  0x0000000025c0d000 JavaThread "stderr" daemon [_thread_in_native, id=9124, stack(0x000000002cda0000,0x000000002cea0000)]
  0x0000000025c08800 JavaThread "stdout" daemon [_thread_in_native, id=1204, stack(0x000000002cca0000,0x000000002cda0000)]
  0x00000000184ab000 JavaThread "stderr" daemon [_thread_in_native, id=5496, stack(0x000000002cba0000,0x000000002cca0000)]
  0x00000000184a9800 JavaThread "stdout" daemon [_thread_in_native, id=7592, stack(0x000000002caa0000,0x000000002cba0000)]
  0x00000000184aa000 JavaThread "stderr" daemon [_thread_in_native, id=3956, stack(0x000000002c9a0000,0x000000002caa0000)]
  0x00000000184b0000 JavaThread "ForkJoinPool.commonPool-worker-0" daemon [_thread_blocked, id=8560, stack(0x000000002c8a0000,0x000000002c9a0000)]
  0x00000000184af800 JavaThread "ForkJoinPool.commonPool-worker-7" daemon [_thread_blocked, id=12456, stack(0x000000002c7a0000,0x000000002c8a0000)]
  0x000000001b536000 JavaThread "ForkJoinPool.commonPool-worker-6" daemon [_thread_blocked, id=9208, stack(0x000000002c6a0000,0x000000002c7a0000)]
  0x000000001b538800 JavaThread "pool-26-thread-1" [_thread_blocked, id=10568, stack(0x000000002c4a0000,0x000000002c5a0000)]
  0x000000001b534800 JavaThread "ForkJoinPool.commonPool-worker-3" daemon [_thread_blocked, id=1624, stack(0x000000002c2a0000,0x000000002c3a0000)]
  0x000000001b52d000 JavaThread "Cache worker for execution history cache (G:\Login_Signup_Screen_Design_Demo-master\.gradle\5.1.1\executionHistory)" [_thread_blocked, id=3768, stack(0x000000002c0a0000,0x000000002c1a0000)]
  0x000000001b534000 JavaThread "Execution worker for ':' Thread 7" [_thread_blocked, id=1148, stack(0x000000002bfa0000,0x000000002c0a0000)]
  0x000000001b52c800 JavaThread "Execution worker for ':' Thread 6" [_thread_blocked, id=2356, stack(0x000000002bca0000,0x000000002bda0000)]
  0x000000001b531800 JavaThread "Execution worker for ':' Thread 5" [_thread_blocked, id=7916, stack(0x0000000029c00000,0x0000000029d00000)]
  0x000000001b52f800 JavaThread "Execution worker for ':' Thread 4" [_thread_blocked, id=7424, stack(0x0000000029b00000,0x0000000029c00000)]
  0x000000001b52e800 JavaThread "Execution worker for ':' Thread 3" [_thread_blocked, id=14468, stack(0x0000000029900000,0x0000000029a00000)]
  0x000000001e025800 JavaThread "Execution worker for ':' Thread 2" [_thread_blocked, id=1184, stack(0x0000000029520000,0x0000000029620000)]
  0x000000001e024800 JavaThread "Execution worker for ':'" [_thread_blocked, id=4404, stack(0x0000000025a50000,0x0000000025b50000)]
  0x000000001e027000 JavaThread "Cache worker for file content cache (G:\Login_Signup_Screen_Design_Demo-master\.gradle\5.1.1\fileContent)" [_thread_blocked, id=1832, stack(0x0000000025950000,0x0000000025a50000)]
  0x000000001e028800 JavaThread "Cache worker for Build Output Cleanup Cache (G:\Login_Signup_Screen_Design_Demo-master\.gradle\buildOutputCleanup)" [_thread_blocked, id=12020, stack(0x0000000023230000,0x0000000023330000)]
  0x000000001e026000 JavaThread "Build operations Thread 8" [_thread_blocked, id=14016, stack(0x0000000022f30000,0x0000000023030000)]
  0x000000001e024000 JavaThread "Build operations Thread 7" [_thread_blocked, id=1228, stack(0x0000000022e30000,0x0000000022f30000)]
  0x000000001e01b800 JavaThread "Build operations Thread 6" [_thread_blocked, id=7692, stack(0x0000000022930000,0x0000000022a30000)]
  0x000000001e022800 JavaThread "Build operations Thread 5" [_thread_blocked, id=8532, stack(0x0000000021630000,0x0000000021730000)]
  0x000000001e01b000 JavaThread "Build operations Thread 4" [_thread_blocked, id=10740, stack(0x0000000021130000,0x0000000021230000)]
  0x000000001e021000 JavaThread "Build operations Thread 3" [_thread_blocked, id=8408, stack(0x0000000021030000,0x0000000021130000)]
  0x000000001e020000 JavaThread "Build operations Thread 2" [_thread_blocked, id=6204, stack(0x0000000020f30000,0x0000000021030000)]
  0x000000001e01c800 JavaThread "Build operations" [_thread_blocked, id=12228, stack(0x0000000020310000,0x0000000020410000)]
  0x000000001d52d000 JavaThread "Cache worker for cache directory md-rule (C:\Users\Son_Trinh_Skynet\.gradle\caches\5.1.1\md-rule)" [_thread_blocked, id=11440, stack(0x000000001f160000,0x000000001f260000)]
  0x000000001d52c800 JavaThread "Cache worker for cache directory md-supplier (C:\Users\Son_Trinh_Skynet\.gradle\caches\5.1.1\md-supplier)" [_thread_blocked, id=14596, stack(0x000000001eca0000,0x000000001eda0000)]
  0x000000001d525000 JavaThread "Cache worker for file hash cache (G:\Login_Signup_Screen_Design_Demo-master\.gradle\5.1.1\fileHashes)" [_thread_in_native, id=9052, stack(0x000000001eba0000,0x000000001eca0000)]
  0x000000001d52b800 JavaThread "Thread-271" [_thread_blocked, id=5272, stack(0x000000001c420000,0x000000001c520000)]
  0x000000001d52b000 JavaThread "Stdin handler" [_thread_blocked, id=10364, stack(0x000000001ad50000,0x000000001ae50000)]
  0x000000001d52a000 JavaThread "Asynchronous log dispatcher for DefaultDaemonConnection: socket connection from /127.0.0.1:62955 to /127.0.0.1:63479" [_thread_blocked, id=4060, stack(0x000000001a850000,0x000000001a950000)]
  0x000000001d529800 JavaThread "Cancel handler" [_thread_blocked, id=3284, stack(0x000000001a650000,0x000000001a750000)]
  0x000000001d528800 JavaThread "Handler for socket connection from /127.0.0.1:62955 to /127.0.0.1:63479" [_thread_in_native, id=2972, stack(0x000000001a550000,0x000000001a650000)]
  0x000000001e01a000 JavaThread "Daemon worker Thread 5" [_thread_blocked, id=1200, stack(0x000000001a750000,0x000000001a850000)]
  0x000000001e01f800 JavaThread "Daemon Thread 5" [_thread_blocked, id=10624, stack(0x0000000001420000,0x0000000001520000)]
  0x000000001d51f000 JavaThread "pool-1-thread-1" [_thread_blocked, id=14516, stack(0x000000001c320000,0x000000001c420000)]
  0x000000001d523800 JavaThread "Cache worker for Java compile cache (C:\Users\Son_Trinh_Skynet\.gradle\caches\5.1.1\javaCompile)" [_thread_blocked, id=6428, stack(0x0000000023650000,0x0000000023750000)]
  0x000000001b532800 JavaThread "Cache worker for file content cache (C:\Users\Son_Trinh_Skynet\.gradle\caches\5.1.1\fileContent)" [_thread_blocked, id=1864, stack(0x0000000022830000,0x0000000022930000)]
  0x000000001b52b000 JavaThread "Memory manager" [_thread_blocked, id=1496, stack(0x0000000022730000,0x0000000022830000)]
  0x00000000184ab800 JavaThread "Cache worker for execution history cache (C:\Users\Son_Trinh_Skynet\.gradle\caches\5.1.1\executionHistory)" [_thread_blocked, id=8160, stack(0x000000001edf0000,0x000000001eef0000)]
  0x00000000184ae000 JavaThread "Cache worker for journal cache (C:\Users\Son_Trinh_Skynet\.gradle\caches\journal-1)" [_thread_blocked, id=8204, stack(0x000000001b050000,0x000000001b150000)]
  0x0000000018e89000 JavaThread "File lock request listener" [_thread_in_native, id=4640, stack(0x000000001af50000,0x000000001b050000)]
  0x00000000190ac800 JavaThread "Cache worker for file hash cache (C:\Users\Son_Trinh_Skynet\.gradle\caches\5.1.1\fileHashes)" [_thread_blocked, id=7192, stack(0x000000001ae50000,0x000000001af50000)]
  0x0000000018461000 JavaThread "Daemon periodic checks" [_thread_blocked, id=6852, stack(0x000000001a450000,0x000000001a550000)]
  0x00000000182ac000 JavaThread "Incoming local TCP Connector on port 62955" [_thread_in_native, id=10956, stack(0x000000001a210000,0x000000001a310000)]
  0x00000000167a9800 JavaThread "Service Thread" daemon [_thread_blocked, id=3324, stack(0x0000000017330000,0x0000000017430000)]
  0x000000001676a000 JavaThread "C1 CompilerThread3" daemon [_thread_blocked, id=13400, stack(0x0000000017230000,0x0000000017330000)]
=>0x000000001485e000 JavaThread "C2 CompilerThread2" daemon [_thread_in_native, id=3040, stack(0x0000000017130000,0x0000000017230000)]
  0x0000000016763000 JavaThread "C2 CompilerThread1" daemon [_thread_in_native, id=6964, stack(0x0000000017030000,0x0000000017130000)]
  0x000000001675e000 JavaThread "C2 CompilerThread0" daemon [_thread_in_native, id=14052, stack(0x0000000016f30000,0x0000000017030000)]
  0x000000001675c800 JavaThread "Attach Listener" daemon [_thread_blocked, id=14304, stack(0x0000000016e30000,0x0000000016f30000)]
  0x000000001675b000 JavaThread "Signal Dispatcher" daemon [_thread_blocked, id=4268, stack(0x0000000016d30000,0x0000000016e30000)]
  0x0000000016750800 JavaThread "Finalizer" daemon [_thread_blocked, id=8832, stack(0x0000000016b30000,0x0000000016c30000)]
  0x0000000003084000 JavaThread "Reference Handler" daemon [_thread_blocked, id=6760, stack(0x0000000016630000,0x0000000016730000)]
  0x0000000002dae000 JavaThread "main" [_thread_blocked, id=1540, stack(0x0000000002e90000,0x0000000002f90000)]

Other Threads:
  0x0000000014848800 VMThread [stack: 0x0000000016530000,0x0000000016630000] [id=4572]
  0x00000000167f4800 WatcherThread [stack: 0x0000000017430000,0x0000000017530000] [id=4212]

VM state:not at safepoint (normal execution)

VM Mutex/Monitor currently owned by a thread: None

Heap:
 PSYoungGen      total 148992K, used 137670K [0x00000000f5580000, 0x00000000ffe80000, 0x0000000100000000)
  eden space 142848K, 92% used [0x00000000f5580000,0x00000000fd66c048,0x00000000fe100000)
  from space 6144K, 92% used [0x00000000fe100000,0x00000000fe685a10,0x00000000fe700000)
  to   space 14848K, 0% used [0x00000000ff000000,0x00000000ff000000,0x00000000ffe80000)
 ParOldGen       total 195584K, used 91216K [0x00000000e0000000, 0x00000000ebf00000, 0x00000000f5580000)
  object space 195584K, 46% used [0x00000000e0000000,0x00000000e5914338,0x00000000ebf00000)
 Metaspace       used 107155K, capacity 112748K, committed 112984K, reserved 1148928K
  class space    used 13308K, capacity 14351K, committed 14464K, reserved 1048576K

Card table byte_map: [0x0000000012450000,0x0000000012560000] byte_map_base: 0x0000000011d50000

Marking Bits: (ParMarkBitMap*) 0x000000006cfc5aa0
 Begin Bits: [0x0000000012d60000, 0x0000000013560000)
 End Bits:   [0x0000000013560000, 0x0000000013d60000)

Polling page: 0x00000000016b0000

CodeCache: size=245760Kb used=73733Kb max_used=73776Kb free=172026Kb
 bounds [0x0000000003090000, 0x0000000007910000, 0x0000000012090000]
 total_blobs=22580 nmethods=21637 adapters=852
 compilation: enabled

Compilation events (10 events):
Event: 1900.365 Thread 0x000000001676a000 27690       2       com.google.gson.stream.JsonWriter::value (28 bytes)
Event: 1900.366 Thread 0x000000001676a000 nmethod 27690 0x0000000007894890 code [0x0000000007894a20, 0x0000000007894c78]
Event: 1900.366 Thread 0x000000001676a000 27691       2       com.android.build.gradle.internal.pipeline.SubStream$SubStreamAdapter::write (10 bytes)
Event: 1900.367 Thread 0x000000001676a000 nmethod 27691 0x00000000078944d0 code [0x0000000007894640, 0x00000000078947e8]
Event: 1900.370 Thread 0x000000001676a000 27692       2       com.android.build.gradle.internal.pipeline.SubStream$SubStreamAdapter::write (202 bytes)
Event: 1900.371 Thread 0x000000001676a000 nmethod 27692 0x0000000007893510 code [0x0000000007893800, 0x0000000007893f08]
Event: 1900.377 Thread 0x000000001676a000 27693       2       com.android.build.gradle.internal.pipeline.IntermediateFolderUtils$$Lambda$557/1589634774::test (8 bytes)
Event: 1900.378 Thread 0x000000001676a000 nmethod 27693 0x0000000007893110 code [0x0000000007893260, 0x0000000007893410]
Event: 1900.607 Thread 0x0000000016763000 nmethod 27396 0x00000000078f6850 code [0x00000000078f70a0, 0x00000000078fecd0]
Event: 1900.608 Thread 0x0000000016763000 26659       4       com.android.tools.r8.ir.conversion.IRBuilder::addInstruction (15 bytes)

GC Heap History (10 events):
Event: 1896.579 GC heap before
{Heap before GC invocations=93 (full 4):
 PSYoungGen      total 154112K, used 145377K [0x00000000f5580000, 0x00000000ffe00000, 0x0000000100000000)
  eden space 137728K, 100% used [0x00000000f5580000,0x00000000fdc00000,0x00000000fdc00000)
  from space 16384K, 46% used [0x00000000fee00000,0x00000000ff5787f8,0x00000000ffe00000)
  to   space 17408K, 0% used [0x00000000fdc00000,0x00000000fdc00000,0x00000000fed00000)
 ParOldGen       total 195584K, used 90968K [0x00000000e0000000, 0x00000000ebf00000, 0x00000000f5580000)
  object space 195584K, 46% used [0x00000000e0000000,0x00000000e58d6318,0x00000000ebf00000)
 Metaspace       used 106987K, capacity 112610K, committed 112728K, reserved 1146880K
  class space    used 13307K, capacity 14350K, committed 14464K, reserved 1048576K
Event: 1896.587 GC heap after
Heap after GC invocations=93 (full 4):
 PSYoungGen      total 155136K, used 7797K [0x00000000f5580000, 0x00000000fff00000, 0x0000000100000000)
  eden space 137728K, 0% used [0x00000000f5580000,0x00000000f5580000,0x00000000fdc00000)
  from space 17408K, 44% used [0x00000000fdc00000,0x00000000fe39d478,0x00000000fed00000)
  to   space 16384K, 0% used [0x00000000fef00000,0x00000000fef00000,0x00000000fff00000)
 ParOldGen       total 195584K, used 91000K [0x00000000e0000000, 0x00000000ebf00000, 0x00000000f5580000)
  object space 195584K, 46% used [0x00000000e0000000,0x00000000e58de318,0x00000000ebf00000)
 Metaspace       used 106987K, capacity 112610K, committed 112728K, reserved 1146880K
  class space    used 13307K, capacity 14350K, committed 14464K, reserved 1048576K
}
Event: 1896.740 GC heap before
{Heap before GC invocations=94 (full 4):
 PSYoungGen      total 155136K, used 145525K [0x00000000f5580000, 0x00000000fff00000, 0x0000000100000000)
  eden space 137728K, 100% used [0x00000000f5580000,0x00000000fdc00000,0x00000000fdc00000)
  from space 17408K, 44% used [0x00000000fdc00000,0x00000000fe39d478,0x00000000fed00000)
  to   space 16384K, 0% used [0x00000000fef00000,0x00000000fef00000,0x00000000fff00000)
 ParOldGen       total 195584K, used 91000K [0x00000000e0000000, 0x00000000ebf00000, 0x00000000f5580000)
  object space 195584K, 46% used [0x00000000e0000000,0x00000000e58de318,0x00000000ebf00000)
 Metaspace       used 106997K, capacity 112610K, committed 112728K, reserved 1146880K
  class space    used 13307K, capacity 14350K, committed 14464K, reserved 1048576K
Event: 1896.747 GC heap after
Heap after GC invocations=94 (full 4):
 PSYoungGen      total 156160K, used 5822K [0x00000000f5580000, 0x00000000ffe00000, 0x0000000100000000)
  eden space 140800K, 0% used [0x00000000f5580000,0x00000000f5580000,0x00000000fdf00000)
  from space 15360K, 37% used [0x00000000fef00000,0x00000000ff4afbc0,0x00000000ffe00000)
  to   space 15872K, 0% used [0x00000000fdf00000,0x00000000fdf00000,0x00000000fee80000)
 ParOldGen       total 195584K, used 91088K [0x00000000e0000000, 0x00000000ebf00000, 0x00000000f5580000)
  object space 195584K, 46% used [0x00000000e0000000,0x00000000e58f4338,0x00000000ebf00000)
 Metaspace       used 106997K, capacity 112610K, committed 112728K, reserved 1146880K
  class space    used 13307K, capacity 14350K, committed 14464K, reserved 1048576K
}
Event: 1896.921 GC heap before
{Heap before GC invocations=95 (full 4):
 PSYoungGen      total 156160K, used 146622K [0x00000000f5580000, 0x00000000ffe00000, 0x0000000100000000)
  eden space 140800K, 100% used [0x00000000f5580000,0x00000000fdf00000,0x00000000fdf00000)
  from space 15360K, 37% used [0x00000000fef00000,0x00000000ff4afbc0,0x00000000ffe00000)
  to   space 15872K, 0% used [0x00000000fdf00000,0x00000000fdf00000,0x00000000fee80000)
 ParOldGen       total 195584K, used 91088K [0x00000000e0000000, 0x00000000ebf00000, 0x00000000f5580000)
  object space 195584K, 46% used [0x00000000e0000000,0x00000000e58f4338,0x00000000ebf00000)
 Metaspace       used 107008K, capacity 112610K, committed 112728K, reserved 1146880K
  class space    used 13307K, capacity 14350K, committed 14464K, reserved 1048576K
Event: 1896.927 GC heap after
Heap after GC invocations=95 (full 4):
 PSYoungGen      total 156672K, used 4676K [0x00000000f5580000, 0x00000000fff80000, 0x0000000100000000)
  eden space 140800K, 0% used [0x00000000f5580000,0x00000000f5580000,0x00000000fdf00000)
  from space 15872K, 29% used [0x00000000fdf00000,0x00000000fe391388,0x00000000fee80000)
  to   space 15360K, 0% used [0x00000000ff080000,0x00000000ff080000,0x00000000fff80000)
 ParOldGen       total 195584K, used 91136K [0x00000000e0000000, 0x00000000ebf00000, 0x00000000f5580000)
  object space 195584K, 46% used [0x00000000e0000000,0x00000000e5900338,0x00000000ebf00000)
 Metaspace       used 107008K, capacity 112610K, committed 112728K, reserved 1146880K
  class space    used 13307K, capacity 14350K, committed 14464K, reserved 1048576K
}
Event: 1897.150 GC heap before
{Heap before GC invocations=96 (full 4):
 PSYoungGen      total 156672K, used 145476K [0x00000000f5580000, 0x00000000fff80000, 0x0000000100000000)
  eden space 140800K, 100% used [0x00000000f5580000,0x00000000fdf00000,0x00000000fdf00000)
  from space 15872K, 29% used [0x00000000fdf00000,0x00000000fe391388,0x00000000fee80000)
  to   space 15360K, 0% used [0x00000000ff080000,0x00000000ff080000,0x00000000fff80000)
 ParOldGen       total 195584K, used 91136K [0x00000000e0000000, 0x00000000ebf00000, 0x00000000f5580000)
  object space 195584K, 46% used [0x00000000e0000000,0x00000000e5900338,0x00000000ebf00000)
 Metaspace       used 107045K, capacity 112680K, committed 112984K, reserved 1148928K
  class space    used 13308K, capacity 14351K, committed 14464K, reserved 1048576K
Event: 1897.158 GC heap after
Heap after GC invocations=96 (full 4):
 PSYoungGen      total 158208K, used 1560K [0x00000000f5580000, 0x0000000100000000, 0x0000000100000000)
  eden space 142848K, 0% used [0x00000000f5580000,0x00000000f5580000,0x00000000fe100000)
  from space 15360K, 10% used [0x00000000ff080000,0x00000000ff2063b0,0x00000000fff80000)
  to   space 15872K, 0% used [0x00000000fe100000,0x00000000fe100000,0x00000000ff080000)
 ParOldGen       total 195584K, used 91200K [0x00000000e0000000, 0x00000000ebf00000, 0x00000000f5580000)
  object space 195584K, 46% used [0x00000000e0000000,0x00000000e5910338,0x00000000ebf00000)
 Metaspace       used 107045K, capacity 112680K, committed 112984K, reserved 1148928K
  class space    used 13308K, capacity 14351K, committed 14464K, reserved 1048576K
}
Event: 1897.484 GC heap before
{Heap before GC invocations=97 (full 4):
 PSYoungGen      total 158208K, used 144408K [0x00000000f5580000, 0x0000000100000000, 0x0000000100000000)
  eden space 142848K, 100% used [0x00000000f5580000,0x00000000fe100000,0x00000000fe100000)
  from space 15360K, 10% used [0x00000000ff080000,0x00000000ff2063b0,0x00000000fff80000)
  to   space 15872K, 0% used [0x00000000fe100000,0x00000000fe100000,0x00000000ff080000)
 ParOldGen       total 195584K, used 91200K [0x00000000e0000000, 0x00000000ebf00000, 0x00000000f5580000)
  object space 195584K, 46% used [0x00000000e0000000,0x00000000e5910338,0x00000000ebf00000)
 Metaspace       used 107108K, capacity 112680K, committed 112984K, reserved 1148928K
  class space    used 13308K, capacity 14351K, committed 14464K, reserved 1048576K
Event: 1897.503 GC heap after
Heap after GC invocations=97 (full 4):
 PSYoungGen      total 148992K, used 5654K [0x00000000f5580000, 0x00000000ffe80000, 0x0000000100000000)
  eden space 142848K, 0% used [0x00000000f5580000,0x00000000f5580000,0x00000000fe100000)
  from space 6144K, 92% used [0x00000000fe100000,0x00000000fe685a10,0x00000000fe700000)
  to   space 14848K, 0% used [0x00000000ff000000,0x00000000ff000000,0x00000000ffe80000)
 ParOldGen       total 195584K, used 91216K [0x00000000e0000000, 0x00000000ebf00000, 0x00000000f5580000)
  object space 195584K, 46% used [0x00000000e0000000,0x00000000e5914338,0x00000000ebf00000)
 Metaspace       used 107108K, capacity 112680K, committed 112984K, reserved 1148928K
  class space    used 13308K, capacity 14351K, committed 14464K, reserved 1048576K
}

Deoptimization events (10 events):
Event: 1893.556 Thread 0x000000001b536000 Uncommon trap: reason=unstable_if action=reinterpret pc=0x00000000046a186c method=com.android.tools.r8.graph.DexString.countBytes(Ljava/lang/String;)I @ 25
Event: 1893.739 Thread 0x00000000184b0000 Uncommon trap: reason=class_check action=maybe_recompile pc=0x000000000560fce0 method=com.android.tools.r8.ir.analysis.constant.SparseConditionalConstantPropagation.addFlowEdgesForJumpInstruction(Lcom/android/tools/r8/ir/code/JumpInstruction;)V @ 163
Event: 1893.824 Thread 0x00000000184b0000 Uncommon trap: reason=class_check action=maybe_recompile pc=0x000000000560fce0 method=com.android.tools.r8.ir.analysis.constant.SparseConditionalConstantPropagation.addFlowEdgesForJumpInstruction(Lcom/android/tools/r8/ir/code/JumpInstruction;)V @ 163
Event: 1893.972 Thread 0x00000000184af800 Uncommon trap: reason=unstable_if action=reinterpret pc=0x0000000005030100 method=com.android.tools.r8.ir.regalloc.LinearScanRegisterAllocator.allocateSingleInterval(Lcom/android/tools/r8/ir/regalloc/LiveIntervals;Lcom/android/tools/r8/ir/regalloc/LinearS
Event: 1894.017 Thread 0x000000001b536000 Uncommon trap: reason=unstable_if action=reinterpret pc=0x00000000047b0794 method=com.android.tools.r8.graph.DexString.slowCompareTo(Lcom/android/tools/r8/graph/DexString;)I @ 54
Event: 1894.539 Thread 0x0000000025c0a800 Uncommon trap: reason=unstable_if action=reinterpret pc=0x000000000661c894 method=com.google.common.base.Objects.equal(Ljava/lang/Object;Ljava/lang/Object;)Z @ 6
Event: 1894.539 Thread 0x0000000025c0a800 Uncommon trap: reason=class_check action=maybe_recompile pc=0x0000000006b3558c method=com.google.common.base.Joiner.toString(Ljava/lang/Object;)Ljava/lang/CharSequence; @ 20
Event: 1895.527 Thread 0x0000000025c13800 Uncommon trap: reason=unstable_if action=reinterpret pc=0x00000000044abc2c method=com.android.tools.r8.it.unimi.dsi.fastutil.ints.Int2ReferenceOpenHashMap$MapEntrySet.contains(Ljava/lang/Object;)Z @ 184
Event: 1896.218 Thread 0x00000000184af800 Uncommon trap: reason=unstable_if action=reinterpret pc=0x000000000772dabc method=com.android.tools.r8.ir.optimize.CodeRewriter.collapsIfTrueTarget(Lcom/android/tools/r8/ir/code/BasicBlock;)V @ 108
Event: 1896.344 Thread 0x0000000025c0a800 Uncommon trap: reason=unstable_if action=reinterpret pc=0x00000000077942c0 method=com.android.tools.r8.ir.conversion.JarSourceCode.buildBlockTransfer(Lcom/android/tools/r8/ir/conversion/IRBuilder;IIZ)V @ 196

Classes redefined (0 events):
No events

Internal exceptions (10 events):
Event: 1898.164 Thread 0x000000001b537000 Exception <a 'sun/nio/fs/WindowsException'> (0x00000000fbda0070) thrown at [D:\src\AOSP-openjdk-cygwin\jdk8u\hotspot\src\share\vm\prims\jni.cpp, line 709]
Event: 1898.165 Thread 0x000000001b537000 Exception <a 'sun/nio/fs/WindowsException'> (0x00000000fbde55a0) thrown at [D:\src\AOSP-openjdk-cygwin\jdk8u\hotspot\src\share\vm\prims\jni.cpp, line 709]
Event: 1898.166 Thread 0x000000001b537000 Exception <a 'sun/nio/fs/WindowsException'> (0x00000000fbdeb650) thrown at [D:\src\AOSP-openjdk-cygwin\jdk8u\hotspot\src\share\vm\prims\jni.cpp, line 709]
Event: 1898.167 Thread 0x000000001b537000 Exception <a 'sun/nio/fs/WindowsException'> (0x00000000fbdf3aa8) thrown at [D:\src\AOSP-openjdk-cygwin\jdk8u\hotspot\src\share\vm\prims\jni.cpp, line 709]
Event: 1898.169 Thread 0x000000001b537000 Exception <a 'sun/nio/fs/WindowsException'> (0x00000000fbeba350) thrown at [D:\src\AOSP-openjdk-cygwin\jdk8u\hotspot\src\share\vm\prims\jni.cpp, line 709]
Event: 1898.170 Thread 0x000000001b537000 Exception <a 'sun/nio/fs/WindowsException'> (0x00000000fbebfe18) thrown at [D:\src\AOSP-openjdk-cygwin\jdk8u\hotspot\src\share\vm\prims\jni.cpp, line 709]
Event: 1898.171 Thread 0x000000001b537000 Exception <a 'sun/nio/fs/WindowsException'> (0x00000000fbec5aa0) thrown at [D:\src\AOSP-openjdk-cygwin\jdk8u\hotspot\src\share\vm\prims\jni.cpp, line 709]
Event: 1898.174 Thread 0x000000001b537000 Exception <a 'sun/nio/fs/WindowsException'> (0x00000000fbf97240) thrown at [D:\src\AOSP-openjdk-cygwin\jdk8u\hotspot\src\share\vm\prims\jni.cpp, line 709]
Event: 1898.175 Thread 0x000000001b537000 Exception <a 'sun/nio/fs/WindowsException'> (0x00000000fbfdc328) thrown at [D:\src\AOSP-openjdk-cygwin\jdk8u\hotspot\src\share\vm\prims\jni.cpp, line 709]
Event: 1898.176 Thread 0x000000001b537000 Exception <a 'sun/nio/fs/WindowsException'> (0x00000000fc022888) thrown at [D:\src\AOSP-openjdk-cygwin\jdk8u\hotspot\src\share\vm\prims\jni.cpp, line 709]

Events (10 events):
Event: 1898.077 Thread 0x000000001b537000 DEOPT UNPACKING pc=0x00000000030d75d0 sp=0x000000002c49e150 mode 0
Event: 1898.079 Thread 0x000000001b537000 DEOPT PACKING pc=0x00000000035070e6 sp=0x000000002c49e410
Event: 1898.079 Thread 0x000000001b537000 DEOPT UNPACKING pc=0x00000000030d75d0 sp=0x000000002c49e150 mode 0
Event: 1898.081 Thread 0x000000001b537000 DEOPT PACKING pc=0x00000000035070e6 sp=0x000000002c49e410
Event: 1898.081 Thread 0x000000001b537000 DEOPT UNPACKING pc=0x00000000030d75d0 sp=0x000000002c49e150 mode 0
Event: 1898.082 Thread 0x000000001b537000 DEOPT PACKING pc=0x00000000035070e6 sp=0x000000002c49e410
Event: 1898.082 Thread 0x000000001b537000 DEOPT UNPACKING pc=0x00000000030d75d0 sp=0x000000002c49e150 mode 0
Event: 1900.180 Executing VM operation: RevokeBias
Event: 1900.181 Executing VM operation: RevokeBias done
Event: 1900.181 Thread 0x000000001b537000 Thread exited: 0x000000001b537000


Dynamic libraries:
0x00007ff75cee0000 - 0x00007ff75cf11000 	C:\Program Files\Android\Android Studio\jre\bin\java.exe
0x00007ff9b1ae0000 - 0x00007ff9b1cd0000 	C:\WINDOWS\SYSTEM32\ntdll.dll
0x00007ff9b1820000 - 0x00007ff9b18d2000 	C:\WINDOWS\System32\KERNEL32.DLL
0x00007ff9aedb0000 - 0x00007ff9af053000 	C:\WINDOWS\System32\KERNELBASE.dll
0x00007ff9aff70000 - 0x00007ff9b0013000 	C:\WINDOWS\System32\ADVAPI32.dll
0x00007ff9b0020000 - 0x00007ff9b00be000 	C:\WINDOWS\System32\msvcrt.dll
0x00007ff9b1900000 - 0x00007ff9b1997000 	C:\WINDOWS\System32\sechost.dll
0x00007ff9b1560000 - 0x00007ff9b1680000 	C:\WINDOWS\System32\RPCRT4.dll
0x00007ff9b0fa0000 - 0x00007ff9b1134000 	C:\WINDOWS\System32\USER32.dll
0x00007ff9af330000 - 0x00007ff9af351000 	C:\WINDOWS\System32\win32u.dll
0x00007ff9b0120000 - 0x00007ff9b0146000 	C:\WINDOWS\System32\GDI32.dll
0x00007ff9aea70000 - 0x00007ff9aec04000 	C:\WINDOWS\System32\gdi32full.dll
0x00007ff9aed10000 - 0x00007ff9aedae000 	C:\WINDOWS\System32\msvcp_win.dll
0x00007ff9af1e0000 - 0x00007ff9af2da000 	C:\WINDOWS\System32\ucrtbase.dll
0x00007ff9a0760000 - 0x00007ff9a09e5000 	C:\WINDOWS\WinSxS\amd64_microsoft.windows.common-controls_6595b64144ccf1df_6.0.18362.657_none_e6c5b579130e3898\COMCTL32.dll
0x00007ff9b1140000 - 0x00007ff9b1476000 	C:\WINDOWS\System32\combase.dll
0x00007ff9aec10000 - 0x00007ff9aec90000 	C:\WINDOWS\System32\bcryptPrimitives.dll
0x00007ff9b19a0000 - 0x00007ff9b19ce000 	C:\WINDOWS\System32\IMM32.DLL
0x000000006c640000 - 0x000000006c712000 	C:\Program Files\Android\Android Studio\jre\jre\bin\msvcr100.dll
0x000000006c800000 - 0x000000006d041000 	C:\Program Files\Android\Android Studio\jre\jre\bin\server\jvm.dll
0x00007ff9afc00000 - 0x00007ff9afc08000 	C:\WINDOWS\System32\PSAPI.DLL
0x00007ff9ab650000 - 0x00007ff9ab674000 	C:\WINDOWS\SYSTEM32\WINMM.dll
0x00007ff9a7aa0000 - 0x00007ff9a7aa9000 	C:\WINDOWS\SYSTEM32\WSOCK32.dll
0x00007ff9a9230000 - 0x00007ff9a923a000 	C:\WINDOWS\SYSTEM32\VERSION.dll
0x00007ff9b17b0000 - 0x00007ff9b181f000 	C:\WINDOWS\System32\WS2_32.dll
0x00007ff9ab620000 - 0x00007ff9ab64d000 	C:\WINDOWS\SYSTEM32\winmmbase.dll
0x00007ff9af2e0000 - 0x00007ff9af32a000 	C:\WINDOWS\System32\cfgmgr32.dll
0x00007ff9a3e90000 - 0x00007ff9a3e9f000 	C:\Program Files\Android\Android Studio\jre\jre\bin\verify.dll
0x00007ff99eee0000 - 0x00007ff99ef09000 	C:\Program Files\Android\Android Studio\jre\jre\bin\java.dll
0x00007ff99eec0000 - 0x00007ff99eed6000 	C:\Program Files\Android\Android Studio\jre\jre\bin\zip.dll
0x00007ff9b0700000 - 0x00007ff9b0de5000 	C:\WINDOWS\System32\SHELL32.dll
0x00007ff9afc10000 - 0x00007ff9afcb9000 	C:\WINDOWS\System32\shcore.dll
0x00007ff9af360000 - 0x00007ff9afadf000 	C:\WINDOWS\System32\windows.storage.dll
0x00007ff9ae9c0000 - 0x00007ff9ae9df000 	C:\WINDOWS\System32\profapi.dll
0x00007ff9ae9e0000 - 0x00007ff9aea2a000 	C:\WINDOWS\System32\powrprof.dll
0x00007ff9ae9b0000 - 0x00007ff9ae9c0000 	C:\WINDOWS\System32\UMPDC.dll
0x00007ff9b00c0000 - 0x00007ff9b0112000 	C:\WINDOWS\System32\shlwapi.dll
0x00007ff9aea30000 - 0x00007ff9aea41000 	C:\WINDOWS\System32\kernel.appcore.dll
0x00007ff9aec90000 - 0x00007ff9aeca7000 	C:\WINDOWS\System32\cryptsp.dll
0x00007ff99eea0000 - 0x00007ff99eeba000 	C:\Program Files\Android\Android Studio\jre\jre\bin\net.dll
0x00007ff9ae220000 - 0x00007ff9ae287000 	C:\WINDOWS\system32\mswsock.dll
0x00007ff99ee80000 - 0x00007ff99ee91000 	C:\Program Files\Android\Android Studio\jre\jre\bin\nio.dll
0x00007ff9a9ea0000 - 0x00007ff9a9ebe000 	C:\Users\Son_Trinh_Skynet\.gradle\native\25\windows-amd64\native-platform.dll
0x00007ff9a11a0000 - 0x00007ff9a11ad000 	C:\Program Files\Android\Android Studio\jre\jre\bin\management.dll
0x00007ff9add90000 - 0x00007ff9addc3000 	C:\WINDOWS\system32\rsaenh.dll
0x00007ff9af1b0000 - 0x00007ff9af1d6000 	C:\WINDOWS\System32\bcrypt.dll
0x00007ff9ae8a0000 - 0x00007ff9ae8c5000 	C:\WINDOWS\SYSTEM32\USERENV.dll
0x00007ff9ae3f0000 - 0x00007ff9ae3fc000 	C:\WINDOWS\SYSTEM32\CRYPTBASE.dll
0x00007ff9adf30000 - 0x00007ff9adf6a000 	C:\WINDOWS\SYSTEM32\IPHLPAPI.DLL
0x00007ff9afcc0000 - 0x00007ff9afcc8000 	C:\WINDOWS\System32\NSI.dll
0x00007ff9a6f90000 - 0x00007ff9a6fa6000 	C:\WINDOWS\SYSTEM32\dhcpcsvc6.DLL
0x00007ff9a6f70000 - 0x00007ff9a6f8c000 	C:\WINDOWS\SYSTEM32\dhcpcsvc.DLL
0x00007ff9adf70000 - 0x00007ff9ae03a000 	C:\WINDOWS\SYSTEM32\DNSAPI.dll
0x00007ff99d730000 - 0x00007ff99d754000 	C:\Program Files\Android\Android Studio\jre\jre\bin\sunec.dll
0x00007ff9a64e0000 - 0x00007ff9a64ea000 	C:\Windows\System32\rasadhlp.dll
0x00007ff9a6580000 - 0x00007ff9a65f7000 	C:\WINDOWS\System32\fwpuclnt.dll
0x00007ff99cc80000 - 0x00007ff99cc8b000 	C:\Program Files\Android\Android Studio\jre\jre\bin\sunmscapi.dll
0x00007ff9af060000 - 0x00007ff9af1a9000 	C:\WINDOWS\System32\CRYPT32.dll
0x00007ff9aea50000 - 0x00007ff9aea62000 	C:\WINDOWS\System32\MSASN1.dll

VM Arguments:
jvm_args: -XX:MaxMetaspaceSize=256m -XX:+HeapDumpOnOutOfMemoryError -Xmx512m -Dfile.encoding=windows-1252 -Duser.country=US -Duser.language=en -Duser.variant 
java_command: org.gradle.launcher.daemon.bootstrap.GradleDaemon 5.1.1
java_class_path (initial): C:\Users\Son_Trinh_Skynet\.gradle\wrapper\dists\gradle-5.1.1-all\97z1ksx6lirer3kbvdnh7jtjg\gradle-5.1.1\lib\gradle-launcher-5.1.1.jar
Launcher Type: SUN_STANDARD

Environment Variables:
JAVA_HOME=C:\Program Files\Java\jdk1.8.0_211
PATH="C:\Program Files\Java\jdk1.8.0_211\bin;C:\Program Files (x86)\Common Files\Oracle\Java\javapath";C:\WINDOWS\system32;C:\WINDOWS;C:\WINDOWS\System32\Wbem;C:\WINDOWS\System32\WindowsPowerShell\v1.0\;C:\WINDOWS\System32\OpenSSH\;C:\Program Files\Git\cmd;C:\Users\Son_Trinh_Skynet\AppData\Local\Microsoft\WindowsApps;
USERNAME=Son_Trinh_Skynet
OS=Windows_NT
PROCESSOR_IDENTIFIER=Intel64 Family 6 Model 142 Stepping 10, GenuineIntel



---------------  S Y S T E M  ---------------

OS: Windows 10.0 , 64 bit Build 18362 (10.0.18362.329)

CPU:total 8 (initial active 8) (4 cores per cpu, 2 threads per core) family 6 model 142 stepping 10, cmov, cx8, fxsr, mmx, sse, sse2, sse3, ssse3, sse4.1, sse4.2, popcnt, avx, avx2, aes, clmul, erms, 3dnowpref, lzcnt, ht, tsc, tscinvbit, bmi1, bmi2, adx

Memory: 4k page, physical 8260324k(652184k free), swap 10210020k(6432k free)

vm_info: OpenJDK 64-Bit Server VM (25.152-b01) for windows-amd64 JRE (1.8.0_152-release-1343-b01), built by "builder" with MS VC++ 10.0 (VS2010)

time: Thu Feb 27 21:29:28 2020
elapsed time: 1901 seconds (0d 0h 31m 41s)

